Start testing: Jun 16 20:07 RTZ 2 (çèìà)
----------------------------------------------------------
1/8 Testing: SimpleNegative
1/8 Test: SimpleNegative
Command: "C:/Users/arina/OneDrive/Desktop/cryptographer/build/run_tests.exe" "--gtest_filter=SimpleTest.Negative"
Directory: C:/Users/arina/OneDrive/Desktop/cryptographer/build
"SimpleNegative" start time: Jun 16 20:07 RTZ 2 (çèìà)
Output:
----------------------------------------------------------
[==========] Running 8 tests from 5 test suites.
[----------] Global test environment set-up.
[----------] 1 test from SimpleTest
[ RUN      ] SimpleTest.Negative
[       OK ] SimpleTest.Negative (0 ms)
[----------] 1 test from SimpleTest (0 ms total)

[----------] 2 tests from AffineTest
[ RUN      ] AffineTest.Positive
[       OK ] AffineTest.Positive (0 ms)
[ RUN      ] AffineTest.Negative
[       OK ] AffineTest.Negative (0 ms)
[----------] 2 tests from AffineTest (0 ms total)

[----------] 2 tests from RecurrentAffineTest
[ RUN      ] RecurrentAffineTest.Positive
[       OK ] RecurrentAffineTest.Positive (0 ms)
[ RUN      ] RecurrentAffineTest.Negative
[       OK ] RecurrentAffineTest.Negative (0 ms)
[----------] 2 tests from RecurrentAffineTest (0 ms total)

[----------] 2 tests from VigKeyTest
[ RUN      ] VigKeyTest.Positive
[       OK ] VigKeyTest.Positive (0 ms)
[ RUN      ] VigKeyTest.Negative
[       OK ] VigKeyTest.Negative (0 ms)
[----------] 2 tests from VigKeyTest (0 ms total)

[----------] 1 test from VigCipherTest
[ RUN      ] VigCipherTest.Positive
[       OK ] VigCipherTest.Positive (0 ms)
[----------] 1 test from VigCipherTest (0 ms total)

[----------] Global test environment tear-down
[==========] 8 tests from 5 test suites ran. (0 ms total)
[  PASSED  ] 8 tests.
<end of output>
Test time =   0.02 sec
----------------------------------------------------------
Test Passed.
"SimpleNegative" end time: Jun 16 20:07 RTZ 2 (çèìà)
"SimpleNegative" time elapsed: 00:00:00
----------------------------------------------------------

2/8 Testing: AffinePositive
2/8 Test: AffinePositive
Command: "C:/Users/arina/OneDrive/Desktop/cryptographer/build/run_tests.exe" "--gtest_filter=AffineTest.Positive"
Directory: C:/Users/arina/OneDrive/Desktop/cryptographer/build
"AffinePositive" start time: Jun 16 20:07 RTZ 2 (çèìà)
Output:
----------------------------------------------------------
[==========] Running 8 tests from 5 test suites.
[----------] Global test environment set-up.
[----------] 1 test from SimpleTest
[ RUN      ] SimpleTest.Negative
[       OK ] SimpleTest.Negative (0 ms)
[----------] 1 test from SimpleTest (0 ms total)

[----------] 2 tests from AffineTest
[ RUN      ] AffineTest.Positive
[       OK ] AffineTest.Positive (0 ms)
[ RUN      ] AffineTest.Negative
[       OK ] AffineTest.Negative (0 ms)
[----------] 2 tests from AffineTest (0 ms total)

[----------] 2 tests from RecurrentAffineTest
[ RUN      ] RecurrentAffineTest.Positive
[       OK ] RecurrentAffineTest.Positive (0 ms)
[ RUN      ] RecurrentAffineTest.Negative
[       OK ] RecurrentAffineTest.Negative (0 ms)
[----------] 2 tests from RecurrentAffineTest (0 ms total)

[----------] 2 tests from VigKeyTest
[ RUN      ] VigKeyTest.Positive
[       OK ] VigKeyTest.Positive (0 ms)
[ RUN      ] VigKeyTest.Negative
[       OK ] VigKeyTest.Negative (0 ms)
[----------] 2 tests from VigKeyTest (0 ms total)

[----------] 1 test from VigCipherTest
[ RUN      ] VigCipherTest.Positive
[       OK ] VigCipherTest.Positive (0 ms)
[----------] 1 test from VigCipherTest (0 ms total)

[----------] Global test environment tear-down
[==========] 8 tests from 5 test suites ran. (0 ms total)
[  PASSED  ] 8 tests.
<end of output>
Test time =   0.01 sec
----------------------------------------------------------
Test Passed.
"AffinePositive" end time: Jun 16 20:07 RTZ 2 (çèìà)
"AffinePositive" time elapsed: 00:00:00
----------------------------------------------------------

3/8 Testing: AffineNegative
3/8 Test: AffineNegative
Command: "C:/Users/arina/OneDrive/Desktop/cryptographer/build/run_tests.exe" "--gtest_filter=AffineTest.Negative"
Directory: C:/Users/arina/OneDrive/Desktop/cryptographer/build
"AffineNegative" start time: Jun 16 20:07 RTZ 2 (çèìà)
Output:
----------------------------------------------------------
[==========] Running 8 tests from 5 test suites.
[----------] Global test environment set-up.
[----------] 1 test from SimpleTest
[ RUN      ] SimpleTest.Negative
[       OK ] SimpleTest.Negative (0 ms)
[----------] 1 test from SimpleTest (0 ms total)

[----------] 2 tests from AffineTest
[ RUN      ] AffineTest.Positive
[       OK ] AffineTest.Positive (0 ms)
[ RUN      ] AffineTest.Negative
[       OK ] AffineTest.Negative (0 ms)
[----------] 2 tests from AffineTest (0 ms total)

[----------] 2 tests from RecurrentAffineTest
[ RUN      ] RecurrentAffineTest.Positive
[       OK ] RecurrentAffineTest.Positive (0 ms)
[ RUN      ] RecurrentAffineTest.Negative
[       OK ] RecurrentAffineTest.Negative (0 ms)
[----------] 2 tests from RecurrentAffineTest (0 ms total)

[----------] 2 tests from VigKeyTest
[ RUN      ] VigKeyTest.Positive
[       OK ] VigKeyTest.Positive (0 ms)
[ RUN      ] VigKeyTest.Negative
[       OK ] VigKeyTest.Negative (0 ms)
[----------] 2 tests from VigKeyTest (0 ms total)

[----------] 1 test from VigCipherTest
[ RUN      ] VigCipherTest.Positive
[       OK ] VigCipherTest.Positive (0 ms)
[----------] 1 test from VigCipherTest (0 ms total)

[----------] Global test environment tear-down
[==========] 8 tests from 5 test suites ran. (0 ms total)
[  PASSED  ] 8 tests.
<end of output>
Test time =   0.01 sec
----------------------------------------------------------
Test Passed.
"AffineNegative" end time: Jun 16 20:07 RTZ 2 (çèìà)
"AffineNegative" time elapsed: 00:00:00
----------------------------------------------------------

4/8 Testing: RecurrentPositive
4/8 Test: RecurrentPositive
Command: "C:/Users/arina/OneDrive/Desktop/cryptographer/build/run_tests.exe" "--gtest_filter=RecurrentAffineTest.Positive"
Directory: C:/Users/arina/OneDrive/Desktop/cryptographer/build
"RecurrentPositive" start time: Jun 16 20:07 RTZ 2 (çèìà)
Output:
----------------------------------------------------------
[==========] Running 8 tests from 5 test suites.
[----------] Global test environment set-up.
[----------] 1 test from SimpleTest
[ RUN      ] SimpleTest.Negative
[       OK ] SimpleTest.Negative (0 ms)
[----------] 1 test from SimpleTest (0 ms total)

[----------] 2 tests from AffineTest
[ RUN      ] AffineTest.Positive
[       OK ] AffineTest.Positive (0 ms)
[ RUN      ] AffineTest.Negative
[       OK ] AffineTest.Negative (0 ms)
[----------] 2 tests from AffineTest (0 ms total)

[----------] 2 tests from RecurrentAffineTest
[ RUN      ] RecurrentAffineTest.Positive
[       OK ] RecurrentAffineTest.Positive (0 ms)
[ RUN      ] RecurrentAffineTest.Negative
[       OK ] RecurrentAffineTest.Negative (0 ms)
[----------] 2 tests from RecurrentAffineTest (0 ms total)

[----------] 2 tests from VigKeyTest
[ RUN      ] VigKeyTest.Positive
[       OK ] VigKeyTest.Positive (0 ms)
[ RUN      ] VigKeyTest.Negative
[       OK ] VigKeyTest.Negative (0 ms)
[----------] 2 tests from VigKeyTest (0 ms total)

[----------] 1 test from VigCipherTest
[ RUN      ] VigCipherTest.Positive
[       OK ] VigCipherTest.Positive (0 ms)
[----------] 1 test from VigCipherTest (0 ms total)

[----------] Global test environment tear-down
[==========] 8 tests from 5 test suites ran. (0 ms total)
[  PASSED  ] 8 tests.
<end of output>
Test time =   0.01 sec
----------------------------------------------------------
Test Passed.
"RecurrentPositive" end time: Jun 16 20:07 RTZ 2 (çèìà)
"RecurrentPositive" time elapsed: 00:00:00
----------------------------------------------------------

5/8 Testing: RecurrentNegative
5/8 Test: RecurrentNegative
Command: "C:/Users/arina/OneDrive/Desktop/cryptographer/build/run_tests.exe" "--gtest_filter=RecurrentAffineTest.Negative"
Directory: C:/Users/arina/OneDrive/Desktop/cryptographer/build
"RecurrentNegative" start time: Jun 16 20:07 RTZ 2 (çèìà)
Output:
----------------------------------------------------------
[==========] Running 8 tests from 5 test suites.
[----------] Global test environment set-up.
[----------] 1 test from SimpleTest
[ RUN      ] SimpleTest.Negative
[       OK ] SimpleTest.Negative (0 ms)
[----------] 1 test from SimpleTest (0 ms total)

[----------] 2 tests from AffineTest
[ RUN      ] AffineTest.Positive
[       OK ] AffineTest.Positive (0 ms)
[ RUN      ] AffineTest.Negative
[       OK ] AffineTest.Negative (0 ms)
[----------] 2 tests from AffineTest (0 ms total)

[----------] 2 tests from RecurrentAffineTest
[ RUN      ] RecurrentAffineTest.Positive
[       OK ] RecurrentAffineTest.Positive (0 ms)
[ RUN      ] RecurrentAffineTest.Negative
[       OK ] RecurrentAffineTest.Negative (0 ms)
[----------] 2 tests from RecurrentAffineTest (0 ms total)

[----------] 2 tests from VigKeyTest
[ RUN      ] VigKeyTest.Positive
[       OK ] VigKeyTest.Positive (0 ms)
[ RUN      ] VigKeyTest.Negative
[       OK ] VigKeyTest.Negative (0 ms)
[----------] 2 tests from VigKeyTest (0 ms total)

[----------] 1 test from VigCipherTest
[ RUN      ] VigCipherTest.Positive
[       OK ] VigCipherTest.Positive (0 ms)
[----------] 1 test from VigCipherTest (0 ms total)

[----------] Global test environment tear-down
[==========] 8 tests from 5 test suites ran. (0 ms total)
[  PASSED  ] 8 tests.
<end of output>
Test time =   0.01 sec
----------------------------------------------------------
Test Passed.
"RecurrentNegative" end time: Jun 16 20:07 RTZ 2 (çèìà)
"RecurrentNegative" time elapsed: 00:00:00
----------------------------------------------------------

6/8 Testing: VigKeyPositive
6/8 Test: VigKeyPositive
Command: "C:/Users/arina/OneDrive/Desktop/cryptographer/build/run_tests.exe" "--gtest_filter=VigKeyTest.Positive"
Directory: C:/Users/arina/OneDrive/Desktop/cryptographer/build
"VigKeyPositive" start time: Jun 16 20:07 RTZ 2 (çèìà)
Output:
----------------------------------------------------------
[==========] Running 8 tests from 5 test suites.
[----------] Global test environment set-up.
[----------] 1 test from SimpleTest
[ RUN      ] SimpleTest.Negative
[       OK ] SimpleTest.Negative (0 ms)
[----------] 1 test from SimpleTest (0 ms total)

[----------] 2 tests from AffineTest
[ RUN      ] AffineTest.Positive
[       OK ] AffineTest.Positive (0 ms)
[ RUN      ] AffineTest.Negative
[       OK ] AffineTest.Negative (0 ms)
[----------] 2 tests from AffineTest (0 ms total)

[----------] 2 tests from RecurrentAffineTest
[ RUN      ] RecurrentAffineTest.Positive
[       OK ] RecurrentAffineTest.Positive (0 ms)
[ RUN      ] RecurrentAffineTest.Negative
[       OK ] RecurrentAffineTest.Negative (0 ms)
[----------] 2 tests from RecurrentAffineTest (0 ms total)

[----------] 2 tests from VigKeyTest
[ RUN      ] VigKeyTest.Positive
[       OK ] VigKeyTest.Positive (0 ms)
[ RUN      ] VigKeyTest.Negative
[       OK ] VigKeyTest.Negative (0 ms)
[----------] 2 tests from VigKeyTest (0 ms total)

[----------] 1 test from VigCipherTest
[ RUN      ] VigCipherTest.Positive
[       OK ] VigCipherTest.Positive (0 ms)
[----------] 1 test from VigCipherTest (0 ms total)

[----------] Global test environment tear-down
[==========] 8 tests from 5 test suites ran. (0 ms total)
[  PASSED  ] 8 tests.
<end of output>
Test time =   0.01 sec
----------------------------------------------------------
Test Passed.
"VigKeyPositive" end time: Jun 16 20:07 RTZ 2 (çèìà)
"VigKeyPositive" time elapsed: 00:00:00
----------------------------------------------------------

7/8 Testing: VigKeyNegative
7/8 Test: VigKeyNegative
Command: "C:/Users/arina/OneDrive/Desktop/cryptographer/build/run_tests.exe" "--gtest_filter=VigKeyTest.Negative"
Directory: C:/Users/arina/OneDrive/Desktop/cryptographer/build
"VigKeyNegative" start time: Jun 16 20:07 RTZ 2 (çèìà)
Output:
----------------------------------------------------------
[==========] Running 8 tests from 5 test suites.
[----------] Global test environment set-up.
[----------] 1 test from SimpleTest
[ RUN      ] SimpleTest.Negative
[       OK ] SimpleTest.Negative (0 ms)
[----------] 1 test from SimpleTest (0 ms total)

[----------] 2 tests from AffineTest
[ RUN      ] AffineTest.Positive
[       OK ] AffineTest.Positive (0 ms)
[ RUN      ] AffineTest.Negative
[       OK ] AffineTest.Negative (0 ms)
[----------] 2 tests from AffineTest (0 ms total)

[----------] 2 tests from RecurrentAffineTest
[ RUN      ] RecurrentAffineTest.Positive
[       OK ] RecurrentAffineTest.Positive (0 ms)
[ RUN      ] RecurrentAffineTest.Negative
[       OK ] RecurrentAffineTest.Negative (0 ms)
[----------] 2 tests from RecurrentAffineTest (0 ms total)

[----------] 2 tests from VigKeyTest
[ RUN      ] VigKeyTest.Positive
[       OK ] VigKeyTest.Positive (0 ms)
[ RUN      ] VigKeyTest.Negative
[       OK ] VigKeyTest.Negative (0 ms)
[----------] 2 tests from VigKeyTest (0 ms total)

[----------] 1 test from VigCipherTest
[ RUN      ] VigCipherTest.Positive
[       OK ] VigCipherTest.Positive (0 ms)
[----------] 1 test from VigCipherTest (0 ms total)

[----------] Global test environment tear-down
[==========] 8 tests from 5 test suites ran. (0 ms total)
[  PASSED  ] 8 tests.
<end of output>
Test time =   0.01 sec
----------------------------------------------------------
Test Passed.
"VigKeyNegative" end time: Jun 16 20:07 RTZ 2 (çèìà)
"VigKeyNegative" time elapsed: 00:00:00
----------------------------------------------------------

8/8 Testing: VigCipherPositive
8/8 Test: VigCipherPositive
Command: "C:/Users/arina/OneDrive/Desktop/cryptographer/build/run_tests.exe" "--gtest_filter=VigCipherTest.Positive"
Directory: C:/Users/arina/OneDrive/Desktop/cryptographer/build
"VigCipherPositive" start time: Jun 16 20:07 RTZ 2 (çèìà)
Output:
----------------------------------------------------------
[==========] Running 8 tests from 5 test suites.
[----------] Global test environment set-up.
[----------] 1 test from SimpleTest
[ RUN      ] SimpleTest.Negative
[       OK ] SimpleTest.Negative (0 ms)
[----------] 1 test from SimpleTest (0 ms total)

[----------] 2 tests from AffineTest
[ RUN      ] AffineTest.Positive
[       OK ] AffineTest.Positive (0 ms)
[ RUN      ] AffineTest.Negative
[       OK ] AffineTest.Negative (0 ms)
[----------] 2 tests from AffineTest (0 ms total)

[----------] 2 tests from RecurrentAffineTest
[ RUN      ] RecurrentAffineTest.Positive
[       OK ] RecurrentAffineTest.Positive (0 ms)
[ RUN      ] RecurrentAffineTest.Negative
[       OK ] RecurrentAffineTest.Negative (0 ms)
[----------] 2 tests from RecurrentAffineTest (0 ms total)

[----------] 2 tests from VigKeyTest
[ RUN      ] VigKeyTest.Positive
[       OK ] VigKeyTest.Positive (0 ms)
[ RUN      ] VigKeyTest.Negative
[       OK ] VigKeyTest.Negative (0 ms)
[----------] 2 tests from VigKeyTest (0 ms total)

[----------] 1 test from VigCipherTest
[ RUN      ] VigCipherTest.Positive
[       OK ] VigCipherTest.Positive (0 ms)
[----------] 1 test from VigCipherTest (0 ms total)

[----------] Global test environment tear-down
[==========] 8 tests from 5 test suites ran. (0 ms total)
[  PASSED  ] 8 tests.
<end of output>
Test time =   0.01 sec
----------------------------------------------------------
Test Passed.
"VigCipherPositive" end time: Jun 16 20:07 RTZ 2 (çèìà)
"VigCipherPositive" time elapsed: 00:00:00
----------------------------------------------------------

End testing: Jun 16 20:07 RTZ 2 (çèìà)
